<?xml version="1.0" encoding="UTF-8"?>
<!-- Generated by org.testng.reporters.JUnitReportReporter -->
<testsuite hostname="NODLTP52041378" name="mavenPractice.Maven.SecondTest$FirstTest" tests="2" failures="0" timestamp="12 May 2021 12:23:36 GMT" time="0.000" errors="0">
  <testcase name="second" time="0.000" classname="mavenPractice.Maven.SecondTest$FirstTest"/>
  <testcase name="first" time="0.000" classname="mavenPractice.Maven.SecondTest$FirstTest"/>
</testsuite> <!-- mavenPractice.Maven.SecondTest$FirstTest -->
