<?xml version="1.0" encoding="UTF-8"?>
<!-- Generated by org.testng.reporters.JUnitReportReporter -->
<testsuite hostname="NODLTP52041378" name="mavenPractice.Maven.FourthTest" tests="2" failures="0" timestamp="12 May 2021 12:25:00 GMT" time="0.146" errors="0">
  <testcase name="Fourthfirst" time="0.145" classname="mavenPractice.Maven.FourthTest"/>
  <testcase name="Fourthsecond" time="0.001" classname="mavenPractice.Maven.FourthTest"/>
</testsuite> <!-- mavenPractice.Maven.FourthTest -->
