<?xml version="1.0" encoding="UTF-8"?>
<!-- Generated by org.testng.reporters.JUnitReportReporter -->
<testsuite hostname="NODLTP52041378" name="mavenPractice.Maven.Third" tests="2" failures="0" timestamp="12 May 2021 12:23:36 GMT" time="0.396" errors="0">
  <testcase name="Thirdfirst" time="0.396" classname="mavenPractice.Maven.Third"/>
  <testcase name="secondThirdfirst" time="0.000" classname="mavenPractice.Maven.Third"/>
</testsuite> <!-- mavenPractice.Maven.Third -->
